<?xml version="1.0" encoding="UTF-8"?>
<!-- Generated by org.testng.reporters.JUnitReportReporter -->
<testsuite hostname="DESKTOP-HGMMMJR" failures="0" tests="4" name="com.java.training.TestNg_First" time="0.007" errors="0" timestamp="2021-12-05T00:09:39 IST" skipped="0">
  <testcase classname="com.java.training.TestNg_First" name="MyFourPgm" time="0.003"/>
  <system-out/>
  <testcase classname="com.java.training.TestNg_First" name="MyTwoPgm" time="0.002"/>
  <system-out/>
  <testcase classname="com.java.training.TestNg_First" name="MyThreePgm" time="0.001"/>
  <system-out/>
  <testcase classname="com.java.training.TestNg_First" name="MyFirstPgm" time="0.001"/>
  <system-out/>
</testsuite> <!-- com.java.training.TestNg_First -->
