<?xml version="1.0" encoding="UTF-8"?>
<!-- Generated by org.testng.reporters.JUnitReportReporter -->
<testsuite hostname="DESKTOP-HGMMMJR" failures="0" tests="6" name="com.java.training.GroupingExample" time="0.021" errors="0" timestamp="2021-12-05T00:09:39 IST" skipped="0">
  <testcase classname="com.java.training.GroupingExample" name="myTestA" time="0.013"/>
  <system-out/>
  <testcase classname="com.java.training.GroupingExample" name="myTestC" time="0.002"/>
  <system-out/>
  <testcase classname="com.java.training.GroupingExample" name="myTestB" time="0.002"/>
  <system-out/>
  <testcase classname="com.java.training.GroupingExample" name="myTestE" time="0.001"/>
  <system-out/>
  <testcase classname="com.java.training.GroupingExample" name="myTestD" time="0.001"/>
  <system-out/>
  <testcase classname="com.java.training.GroupingExample" name="myTestF" time="0.002"/>
  <system-out/>
</testsuite> <!-- com.java.training.GroupingExample -->
